<?xml version="1.0" encoding="UTF-8"?>
<testng-results skipped="0" failed="0" total="1" passed="1">
  <reporter-output>
  </reporter-output>
  <suite name="dmleContentTest" duration-ms="0" started-at="2016-10-15T08:28:58Z" finished-at="2016-10-15T08:28:58Z">
    <groups>
    </groups>
  </suite> <!-- dmleContentTest -->
  <suite name="Vimpelcom" duration-ms="3273" started-at="2016-10-15T08:28:54Z" finished-at="2016-10-15T08:28:58Z">
    <groups>
    </groups>
    <test name="CreateRepo" duration-ms="3273" started-at="2016-10-15T08:28:54Z" finished-at="2016-10-15T08:28:58Z">
      <class name="com.vimpelcom.test.CreateRepo">
        <test-method status="PASS" signature="beforeSuite()[pri:0, instance:com.vimpelcom.test.CreateRepo@13969fbe]" name="beforeSuite" is-config="true" duration-ms="62" started-at="2016-10-15T13:58:54Z" finished-at="2016-10-15T13:58:54Z">
          <reporter-output>
          </reporter-output>
        </test-method> <!-- beforeSuite -->
        <test-method status="PASS" signature="beforeCreateRepo()[pri:0, instance:com.vimpelcom.test.CreateRepo@13969fbe]" name="beforeCreateRepo" is-config="true" duration-ms="0" started-at="2016-10-15T13:58:54Z" finished-at="2016-10-15T13:58:54Z">
          <reporter-output>
          </reporter-output>
        </test-method> <!-- beforeCreateRepo -->
        <test-method status="PASS" signature="createRepoTest()[pri:0, instance:com.vimpelcom.test.CreateRepo@13969fbe]" name="createRepoTest" duration-ms="3257" started-at="2016-10-15T13:58:54Z" finished-at="2016-10-15T13:58:58Z">
          <reporter-output>
          </reporter-output>
        </test-method> <!-- createRepoTest -->
        <test-method status="PASS" signature="afterCreateTest()[pri:0, instance:com.vimpelcom.test.CreateRepo@13969fbe]" name="afterCreateTest" is-config="true" duration-ms="0" started-at="2016-10-15T13:58:58Z" finished-at="2016-10-15T13:58:58Z">
          <reporter-output>
          </reporter-output>
        </test-method> <!-- afterCreateTest -->
        <test-method status="PASS" signature="afterSuite()[pri:0, instance:com.vimpelcom.test.CreateRepo@13969fbe]" name="afterSuite" is-config="true" duration-ms="0" started-at="2016-10-15T13:58:58Z" finished-at="2016-10-15T13:58:58Z">
          <reporter-output>
          </reporter-output>
        </test-method> <!-- afterSuite -->
      </class> <!-- com.vimpelcom.test.CreateRepo -->
    </test> <!-- CreateRepo -->
  </suite> <!-- Vimpelcom -->
</testng-results>
